android/example/build/intermediates/manifest_merge_blame_file/debug/manifest-merger-blame-debug-report.txt
1<?xml version="1.0" encoding="utf-8"?>
2<manifest xmlns:android="http://schemas.android.com/apk/res/android"
3    package="studio.stream.viscademo"
4    android:versionCode="1"
5    android:versionName="1.0" >
6
7    <uses-sdk
7-->src/main/AndroidManifest.xml:7:5-9:41
8        android:minSdkVersion="16"
8-->src/main/AndroidManifest.xml:8:9-34
9        android:targetSdkVersion="32" />
9-->src/main/AndroidManifest.xml:9:9-38
10
11    <uses-permission android:name="android.permission.INTERNET" />
11-->src/main/AndroidManifest.xml:11:5-67
11-->src/main/AndroidManifest.xml:11:22-64
12    <uses-permission android:name="android.permission.WAKE_LOCK" />
12-->src/main/AndroidManifest.xml:12:5-68
12-->src/main/AndroidManifest.xml:12:22-65
13
14    <uses-feature android:glEsVersion="0x00020000" />
14-->src/main/AndroidManifest.xml:14:5-54
14-->src/main/AndroidManifest.xml:14:19-51
15
16    <application
16-->src/main/AndroidManifest.xml:16:5-30:19
17        android:appComponentFactory="androidx.core.app.CoreComponentFactory"
17-->[androidx.core:core:1.0.0] AndroidManifest.xml:22:18-86
18        android:debuggable="true"
19        android:icon="@mipmap/ic_launcher"
19-->src/main/AndroidManifest.xml:17:9-43
20        android:label="@string/app_name"
20-->src/main/AndroidManifest.xml:18:9-41
21        android:theme="@style/Theme.AppCompat.Light.NoActionBar" >
21-->src/main/AndroidManifest.xml:19:9-65
22        <activity
22-->src/main/AndroidManifest.xml:21:9-29:20
23            android:name="studio.stream.viscademo.StudioMainActivity"
23-->src/main/AndroidManifest.xml:22:13-47
24            android:exported="true"
24-->src/main/AndroidManifest.xml:24:13-36
25            android:label="@string/app_name" >
25-->src/main/AndroidManifest.xml:23:13-45
26            <intent-filter>
26-->src/main/AndroidManifest.xml:25:13-28:29
27                <action android:name="android.intent.action.MAIN" />
27-->src/main/AndroidManifest.xml:26:17-69
27-->src/main/AndroidManifest.xml:26:25-66
28
29                <category android:name="android.intent.category.LAUNCHER" />
29-->src/main/AndroidManifest.xml:27:17-77
29-->src/main/AndroidManifest.xml:27:27-74
30            </intent-filter>
31        </activity>
32    </application>
33
34</manifest>